<?xml version="1.0" encoding="UTF-8"?>
<!-- Generated by org.testng.reporters.JUnitXMLReporter -->
<testsuite hostname="DESKTOP-N60QB27" ignored="0" name="Allure Test God" tests="3" failures="2" timestamp="2022-09-14T18:16:24 IST" time="0.131" errors="0">
  <testcase name="doLogin" time="0.042" classname="testcases.TC1">
    <failure type="java.lang.AssertionError" message="login test failed">
      <![CDATA[java.lang.AssertionError: login test failed
at testcases.TC1.doLogin(TC1.java:23)
at java.util.ArrayList.forEach(ArrayList.java:1257)
... Removed 28 stack frames]]>
    </failure>
  </testcase> <!-- doLogin -->
  <testcase name="isSkip" time="0.002" classname="testcases.TC1">
    <skipped/>
  </testcase> <!-- isSkip -->
  <testcase name="userReg" time="0.002" classname="testcases.TC1">
    <failure type="java.lang.AssertionError" message="User reg failed">
      <![CDATA[java.lang.AssertionError: User reg failed
at testcases.TC1.userReg(TC1.java:31)
at java.util.ArrayList.forEach(ArrayList.java:1257)
... Removed 28 stack frames]]>
    </failure>
  </testcase> <!-- userReg -->
</testsuite> <!-- Allure Test God -->
