<?xml version="1.0" encoding="UTF-8"?>
<!-- Generated by org.testng.reporters.JUnitXMLReporter -->
<testsuite hostname="DESKTOP-N60QB27" ignored="0" name="Test" tests="3" failures="1" timestamp="2022-09-14T17:40:58 IST" time="0.263" errors="0">
  <testcase name="doLogin" time="0.092" classname="testcases.TC1"/>
  <testcase name="isSkip" time="0.006" classname="testcases.TC1">
    <skipped/>
  </testcase> <!-- isSkip -->
  <testcase name="userReg" time="0.009" classname="testcases.TC1">
    <failure type="java.lang.AssertionError" message="User reg failed">
      <![CDATA[java.lang.AssertionError: User reg failed
at testcases.TC1.userReg(TC1.java:32)
at java.util.ArrayList.forEach(ArrayList.java:1257)
... Removed 28 stack frames]]>
    </failure>
  </testcase> <!-- userReg -->
</testsuite> <!-- Test -->
